<?xml version="1.0" encoding="UTF-8"?>
<!-- Generated by org.testng.reporters.JUnitReportReporter -->
<testsuite skipped="0" hostname="VRRNKSD" name="script.ComposeMail" tests="1" failures="0" timestamp="13 Apr 2018 10:34:07 GMT" time="40.437" errors="0">
  <testcase name="testcomposeMail" time="40.437" classname="script.ComposeMail"/>
</testsuite> <!-- script.ComposeMail -->
