<?xml version="1.0" encoding="UTF-8"?>
<!-- Generated by org.testng.reporters.JUnitReportReporter -->
<testsuite skipped="0" hostname="VRRNKSD" name="script.ComposeMail" tests="1" failures="0" timestamp="12 Apr 2018 10:55:11 GMT" time="39.881" errors="0">
  <testcase name="testcomposeMail" time="39.881" classname="script.ComposeMail"/>
</testsuite> <!-- script.ComposeMail -->
